proguard/seeds.txt
me.hibb.mybaby.android.MyBaby
me.hibb.mybaby.android.MyBaby: MyBaby()
me.hibb.mybaby.android.R$attr: int adSize
me.hibb.mybaby.android.R$attr: int adSizes
me.hibb.mybaby.android.R$attr: int adUnitId
me.hibb.mybaby.android.R$attr: int appTheme
me.hibb.mybaby.android.R$attr: int buyButtonAppearance
me.hibb.mybaby.android.R$attr: int buyButtonHeight
me.hibb.mybaby.android.R$attr: int buyButtonText
me.hibb.mybaby.android.R$attr: int buyButtonWidth
me.hibb.mybaby.android.R$attr: int cameraBearing
me.hibb.mybaby.android.R$attr: int cameraTargetLat
me.hibb.mybaby.android.R$attr: int cameraTargetLng
me.hibb.mybaby.android.R$attr: int cameraTilt
me.hibb.mybaby.android.R$attr: int cameraZoom
me.hibb.mybaby.android.R$attr: int circleCrop
me.hibb.mybaby.android.R$attr: int emojiconSize
me.hibb.mybaby.android.R$attr: int emojiconTextLength
me.hibb.mybaby.android.R$attr: int emojiconTextStart
me.hibb.mybaby.android.R$attr: int emojiconUseSystemDefault
me.hibb.mybaby.android.R$attr: int environment
me.hibb.mybaby.android.R$attr: int fragmentMode
me.hibb.mybaby.android.R$attr: int fragmentStyle
me.hibb.mybaby.android.R$attr: int horizontalSpacing
me.hibb.mybaby.android.R$attr: int imageAspectRatio
me.hibb.mybaby.android.R$attr: int imageAspectRatioAdjust
me.hibb.mybaby.android.R$attr: int layout_horizontalSpacing
me.hibb.mybaby.android.R$attr: int layout_verticalSpacing
me.hibb.mybaby.android.R$attr: int liteMode
me.hibb.mybaby.android.R$attr: int mapType
me.hibb.mybaby.android.R$attr: int maskedWalletDetailsBackground
me.hibb.mybaby.android.R$bool: int appirator_test_mode
me.hibb.mybaby.android.R$color: int appirator_button_end_color
me.hibb.mybaby.android.R$color: int appirator_button_start_color
me.hibb.mybaby.android.R$color: int appirator_button_text_color
me.hibb.mybaby.android.R$color: int bg_gray
me.hibb.mybaby.android.R$color: int black
me.hibb.mybaby.android.R$color: int common_action_bar_splitter
me.hibb.mybaby.android.R$color: int common_signin_btn_dark_text_default
me.hibb.mybaby.android.R$color: int common_signin_btn_dark_text_disabled
me.hibb.mybaby.android.R$color: int common_signin_btn_dark_text_focused
me.hibb.mybaby.android.R$color: int common_signin_btn_dark_text_pressed
me.hibb.mybaby.android.R$color: int common_signin_btn_default_background
me.hibb.mybaby.android.R$color: int common_signin_btn_light_text_default
me.hibb.mybaby.android.R$color: int common_signin_btn_light_text_disabled
me.hibb.mybaby.android.R$color: int common_signin_btn_light_text_focused
me.hibb.mybaby.android.R$color: int common_signin_btn_light_text_pressed
me.hibb.mybaby.android.R$color: int common_signin_btn_text_dark
me.hibb.mybaby.android.R$color: int common_signin_btn_text_light
me.hibb.mybaby.android.R$color: int dark_slate_gray
me.hibb.mybaby.android.R$color: int gray
me.hibb.mybaby.android.R$color: int gray_1
me.hibb.mybaby.android.R$color: int gray_2
me.hibb.mybaby.android.R$color: int horizontal_divider
me.hibb.mybaby.android.R$color: int horizontal_vertical
me.hibb.mybaby.android.R$color: int light_gray
...
com.google.android.gms.internal.oe
com.google.android.gms.internal.oh
com.google.android.gms.internal.or
com.google.android.gms.internal.ov
com.google.android.gms.internal.pd
com.google.android.gms.internal.pf
com.google.android.gms.internal.pi
com.google.android.gms.internal.pi$a
com.google.android.gms.internal.pi$b
com.google.android.gms.internal.pi$b$a
com.google.android.gms.internal.pi$b$b
com.google.android.gms.internal.pi$c
com.google.android.gms.internal.pi$d
com.google.android.gms.internal.pi$f
com.google.android.gms.internal.pi$g
com.google.android.gms.internal.pi$h
com.google.android.gms.internal.pw
com.google.android.gms.internal.pw: android.os.Parcelable$Creator CREATOR
com.google.android.gms.internal.py
com.google.android.gms.internal.py: android.os.Parcelable$Creator CREATOR
com.google.android.gms.internal.y
com.google.android.gms.location.ActivityRecognitionResult
com.google.android.gms.location.DetectedActivity
com.google.android.gms.location.GeofencingRequest
com.google.android.gms.location.GeofencingRequest: android.os.Parcelable$Creator CREATOR
com.google.android.gms.location.LocationRequest
com.google.android.gms.location.e
com.google.android.gms.maps.GoogleMapOptions
com.google.android.gms.maps.MapView: com.google.android.gms.maps.GoogleMap getMap()
com.google.android.gms.maps.StreetViewPanoramaOptions
com.google.android.gms.maps.StreetViewPanoramaView: com.google.android.gms.maps.StreetViewPanorama getStreetViewPanorama()
com.google.android.gms.maps.internal.y
com.google.android.gms.maps.model.CameraPosition
com.google.android.gms.maps.model.CircleOptions
com.google.android.gms.maps.model.GroundOverlayOptions
com.google.android.gms.maps.model.LatLng
com.google.android.gms.maps.model.LatLngBounds
com.google.android.gms.maps.model.MarkerOptions
com.google.android.gms.maps.model.PolygonOptions
com.google.android.gms.maps.model.PolylineOptions
com.google.android.gms.maps.model.StreetViewPanoramaCamera
com.google.android.gms.maps.model.StreetViewPanoramaLink
com.google.android.gms.maps.model.StreetViewPanoramaLocation
com.google.android.gms.maps.model.StreetViewPanoramaOrientation
com.google.android.gms.maps.model.Tile
com.google.android.gms.maps.model.TileOverlayOptions
com.google.android.gms.maps.model.VisibleRegion
com.google.android.gms.maps.model.internal.a
com.google.android.gms.maps.model.internal.c
com.google.android.gms.maps.model.internal.e
com.google.android.gms.maps.model.internal.p
com.google.android.gms.plus.PlusOneButton: void setOnPlusOneClickListener(com.google.android.gms.plus.PlusOneButton$OnPlusOneClickListener)
com.google.android.gms.plus.PlusOneButton: void setAnnotation(int)
com.google.android.gms.plus.PlusOneButton: void setSize(int)
com.google.android.gms.plus.internal.PlusCommonExtras
com.google.android.gms.plus.internal.h
com.google.android.gms.tagmanager.az$a: com.google.android.gms.tagmanager.az$a[] values()
com.google.android.gms.tagmanager.az$a: com.google.android.gms.tagmanager.az$a valueOf(java.lang.String)
com.google.android.gms.tagmanager.bg$a: com.google.android.gms.tagmanager.bg$a[] values()
com.google.android.gms.tagmanager.bg$a: com.google.android.gms.tagmanager.bg$a valueOf(java.lang.String)
com.google.android.gms.tagmanager.ce$a: com.google.android.gms.tagmanager.ce$a[] values()
com.google.android.gms.tagmanager.ce$a: com.google.android.gms.tagmanager.ce$a valueOf(java.lang.String)
com.google.android.gms.wallet.Address
com.google.android.gms.wallet.Address: android.os.Parcelable$Creator CREATOR
com.google.android.gms.wallet.Cart
com.google.android.gms.wallet.Cart: android.os.Parcelable$Creator CREATOR
com.google.android.gms.wallet.CountrySpecification
com.google.android.gms.wallet.CountrySpecification: android.os.Parcelable$Creator CREATOR
com.google.android.gms.wallet.FullWallet
com.google.android.gms.wallet.FullWallet: android.os.Parcelable$Creator CREATOR