proguard/mapping.txt
me.hibb.mybaby.android.MyBaby -> me.hibb.mybaby.android.MyBaby:
    int version -> a
    me.hibb.mybaby.android.models.Blog currentBlog -> b
    me.hibb.mybaby.android.models.User currentUser -> c
    me.hibb.mybaby.android.MyBabyDB myBabyDB -> d
    java.text.SimpleDateFormat sdf_yyyyMMdd -> e
    me.hibb.mybaby.android.ui.MediaHelper currentMediaHelper -> f
    android.graphics.Typeface fontAwesome -> g
    android.content.Context mContext -> l
    int screenWidth -> h
    int screenHeight -> i
    float density -> j
    float scaledDensity -> k
    com.google.android.gms.analytics.Tracker googleAnalysisTracker -> m
    void onCreate() -> onCreate
    void initScreenParams(android.app.Activity) -> a
    android.content.Context getContext() -> a
    void initImageLoader(android.content.Context) -> a
    android.content.SharedPreferences getSharedPreferences() -> b
    void sendLocalBroadCast(java.lang.String) -> a
    void sendGoogleAnalysisTracker(java.lang.String) -> b
    void sendGoogleAnalysisException(java.lang.String,java.lang.Exception) -> a
me.hibb.mybaby.android.MyBabyDB -> me.hibb.mybaby.android.a:
    android.database.sqlite.SQLiteDatabase db -> a
me.hibb.mybaby.android.gcm.GCMManager -> me.hibb.mybaby.android.gcm.a:
    java.lang.String SENDER_ID -> a
    com.google.android.gms.gcm.GoogleCloudMessaging gcm -> b
    void registerDevice() -> a
    boolean checkPlayServices() -> b
    void registerInBackground() -> c
me.hibb.mybaby.android.gcm.GCMManager$1 -> me.hibb.mybaby.android.gcm.b:
    me.hibb.mybaby.android.gcm.GCMManager this$0 -> a
    java.lang.String doInBackground(java.lang.Void[]) -> a
    java.lang.Object doInBackground(java.lang.Object[]) -> doInBackground
me.hibb.mybaby.android.gcm.GcmBroadcastReceiver -> me.hibb.mybaby.android.gcm.GcmBroadcastReceiver:
    void onReceive(android.content.Context,android.content.Intent) -> onReceive
me.hibb.mybaby.android.gcm.GcmIntentService -> me.hibb.mybaby.android.gcm.GcmIntentService:
    void onHandleIntent(android.content.Intent) -> onHandleIntent
    void sendNotification(android.content.Intent) -> a
    void debugNotification() -> a
me.hibb.mybaby.android.models.Activity -> me.hibb.mybaby.android.a.a:
    int activityId -> a
    java.lang.String content -> b
    int typeNumber -> c
    int userId -> d
    long datetime_gmt -> e
    int itemId -> f
    int secondaryItemId -> g
    long lastSync -> h
    boolean isMentionMe -> i
    java.lang.String userName -> j
    int getActivityId() -> a
    void setActivityId(int) -> a
    java.lang.String getContent() -> b
    void setContent(java.lang.String) -> a
    int getTypeNumber() -> c
    void setTypeNumber(int) -> b
    int getUserId() -> d
    void setUserId(int) -> c
    long getDatetime_gmt() -> e
    void setDatetime_gmt(long) -> a
    int getItemId() -> f
    void setItemId(int) -> d
    int getSecondaryItemId() -> g
    void setSecondaryItemId(int) -> e
    long getLastSync() -> h
    void setLastSync(long) -> b
    boolean getIsMentionMe() -> i
    void setIsMentionMe(boolean) -> a
    long getDatetime() -> j
    java.lang.String getUserName() -> k
    void setUserName(java.lang.String) -> b
    me.hibb.mybaby.android.models.Activity getRootActivity() -> l
    me.hibb.mybaby.android.models.Post getPost() -> m
...
com.google.android.gms.internal.pr -> com.google.android.gms.internal.su:
    com.google.android.gms.internal.pi$g dH(android.os.Parcel) -> a
    com.google.android.gms.internal.pi$g[] fF(int) -> a
    void a(com.google.android.gms.internal.pi$g,android.os.Parcel,int) -> a
    java.lang.Object[] newArray(int) -> newArray
    java.lang.Object createFromParcel(android.os.Parcel) -> createFromParcel
com.google.android.gms.internal.ps -> com.google.android.gms.internal.sv:
    com.google.android.gms.internal.pi$h dI(android.os.Parcel) -> a
    com.google.android.gms.internal.pi$h[] fG(int) -> a
    void a(com.google.android.gms.internal.pi$h,android.os.Parcel,int) -> a
    java.lang.Object[] newArray(int) -> newArray
    java.lang.Object createFromParcel(android.os.Parcel) -> createFromParcel
com.google.android.gms.internal.pw -> com.google.android.gms.internal.pw:
    android.os.Parcelable$Creator CREATOR -> CREATOR
    int CK -> b
    int[] avX -> a
    int getVersionCode() -> a
    int describeContents() -> describeContents
    void writeToParcel(android.os.Parcel,int) -> writeToParcel
com.google.android.gms.internal.px -> com.google.android.gms.internal.sw:
    com.google.android.gms.internal.pw dX(android.os.Parcel) -> a
    com.google.android.gms.internal.pw[] ge(int) -> a
    void a(com.google.android.gms.internal.pw,android.os.Parcel,int) -> a
    java.lang.Object[] newArray(int) -> newArray
    java.lang.Object createFromParcel(android.os.Parcel) -> createFromParcel
com.google.android.gms.internal.py -> com.google.android.gms.internal.py:
    android.os.Parcelable$Creator CREATOR -> CREATOR
    int CK -> c
    java.lang.String[] avY -> a
    byte[][] avZ -> b
    int getVersionCode() -> a
    int describeContents() -> describeContents
    void writeToParcel(android.os.Parcel,int) -> writeToParcel
com.google.android.gms.internal.pz -> com.google.android.gms.internal.sx:
    com.google.android.gms.internal.py dY(android.os.Parcel) -> a
    com.google.android.gms.internal.py[] gf(int) -> a
    void a(com.google.android.gms.internal.py,android.os.Parcel,int) -> a
    java.lang.Object[] newArray(int) -> newArray
    java.lang.Object createFromParcel(android.os.Parcel) -> createFromParcel
com.google.android.gms.internal.q -> com.google.android.gms.internal.sy:
    java.lang.String getKey() -> a
    java.lang.String E() -> b
    java.lang.String F() -> c
    java.lang.String G() -> d
    java.lang.String H() -> e
    java.lang.String I() -> f
    java.lang.String J() -> g
    java.lang.String K() -> h
    java.lang.String L() -> i
    java.lang.String M() -> j
    java.lang.String N() -> k
    java.lang.String O() -> l
    java.lang.String P() -> m
    java.lang.String Q() -> n
    java.lang.String R() -> o
    java.lang.String S() -> p
    java.lang.String T() -> q
    java.lang.String U() -> r
    java.lang.String V() -> s
    java.lang.String W() -> t
com.google.android.gms.internal.qn -> com.google.android.gms.internal.sz:
    byte[] ayJ -> a
    int ayK -> b
    int ayL -> c
    void o(byte[]) -> a