proguard/usage.txt
me.hibb.mybaby.android.BuildConfig
me.hibb.mybaby.android.Constants
me.hibb.mybaby.android.Constants$BroadcastAction
me.hibb.mybaby.android.Constants$RequestCode
me.hibb.mybaby.android.Manifest
me.hibb.mybaby.android.Manifest$permission
me.hibb.mybaby.android.MyBaby:
    public static final java.lang.String TAG
me.hibb.mybaby.android.MyBabyDB:
    private static final int DATABASE_VERSION
    private static final java.lang.String DATABASE_NAME
    public static final java.lang.String BLOG_TABLE
    public static final java.lang.String POSTS_TABLE
    public static final java.lang.String MEDIA_TABLE
    public static final java.lang.String POST_TAG_TABLE
    public static final java.lang.String USER_TABLE
    public static final java.lang.String ACTIVITY_TABLE
    public static final java.lang.String FRIEND_TABLE
    public static final java.lang.String FRIEND_REQUEST_TABLE
    public static final java.lang.String RECOMMEND_FRIEND_TABLE
    public static final java.lang.String PHONE_CONTACT_TABLE
    private static final java.lang.String CREATE_TABLE_BLOG
    private static final java.lang.String CREATE_TABLE_MEDIA
    private static final java.lang.String CREATE_TABLE_POST
    private static final java.lang.String CREATE_TABLE_POST_TAG
    private static final java.lang.String CREATE_TABLE_USER
    private static final java.lang.String CREATE_TABLE_ACTIVITY
    private static final java.lang.String CREATE_TABLE_FRIEND
    private static final java.lang.String CREATE_TABLE_FRIEND_REQUEST
    private static final java.lang.String CREATE_TABLE_RECOMMEND_FRIEND
    private static final java.lang.String CREATE_TABLE_PHONE_CONTACT
me.hibb.mybaby.android.R
me.hibb.mybaby.android.R$attr
me.hibb.mybaby.android.R$bool
me.hibb.mybaby.android.R$color
me.hibb.mybaby.android.R$dimen
me.hibb.mybaby.android.R$drawable
me.hibb.mybaby.android.R$id
me.hibb.mybaby.android.R$integer
me.hibb.mybaby.android.R$layout
me.hibb.mybaby.android.R$menu
me.hibb.mybaby.android.R$raw
me.hibb.mybaby.android.R$string
me.hibb.mybaby.android.R$style
me.hibb.mybaby.android.R$styleable
me.hibb.mybaby.android.gcm.GcmIntentService:
    android.support.v4.app.NotificationCompat$Builder builder
me.hibb.mybaby.android.models.Activity:
    public static final int Type_Post
    public static final int Type_PhotoBook
    public static final int Type_Tag
    public static final int Type_Comment
    public static final int Type_Like
    public static final int Type_GroupPost
    108:126:public Activity(int,java.lang.String,int,int,long,int,int,long,boolean)
me.hibb.mybaby.android.models.ActivityRepository:
    8:8:public ActivityRepository()
    244:244:public static long getLastSyncMentionMeListDate()
me.hibb.mybaby.android.models.Blog:
    private static final java.lang.String PASSWORD_SECRET
    90:93:public boolean serverHasAccount()
    119:131:public static java.lang.String decryptPassword(java.lang.String)
me.hibb.mybaby.android.models.BlogRepository:
    7:7:public BlogRepository()
    11:22:public static me.hibb.mybaby.android.models.Blog load(int)
    55:64:public static boolean delete(me.hibb.mybaby.android.models.Blog)
    91:116:public static java.lang.String addSlashes(java.lang.String)
me.hibb.mybaby.android.models.FriendRepository:
    8:8:public FriendRepository()
    52:61:public static boolean delete(me.hibb.mybaby.android.models.Friend)
me.hibb.mybaby.android.models.FriendRequestRepository:
    6:6:public FriendRequestRepository()
    10:21:public static me.hibb.mybaby.android.models.FriendRequest load(int)
me.hibb.mybaby.android.models.Media:
    253:309:public Media(int,int,java.lang.String,java.lang.String,java.lang.String,java.lang.String,java.lang.String,int,int,java.lang.String,boolean,java.lang.String,int,long,int,boolean,java.lang.String,java.lang.String,java.lang.String,int,int,int,int,int,int,int,java.lang.String,int)
...
com.google.android.gms.internal.it$a
com.google.android.gms.internal.iu
com.google.android.gms.internal.iv
com.google.android.gms.internal.iw
com.google.android.gms.internal.ix
com.google.android.gms.internal.iz
com.google.android.gms.internal.iz$1
com.google.android.gms.internal.iz$a
com.google.android.gms.internal.iz$a$a
com.google.android.gms.internal.iz$b
com.google.android.gms.internal.jb
com.google.android.gms.internal.jb$a
com.google.android.gms.internal.jc:
    public jc()
com.google.android.gms.internal.jd
com.google.android.gms.internal.jg:
    private final com.google.android.gms.internal.jg$a Mw
    private final android.view.View JJ
    public jg(java.lang.String,java.util.Collection,int,android.view.View,java.lang.String)
    public java.lang.String getAccountName()
    public java.lang.String hm()
    public int hn()
    public java.util.List ho()
    public java.lang.String[] hp()
    public java.lang.String hq()
    public android.view.View hr()
com.google.android.gms.internal.jg$a:
    public jg$a(java.lang.String,java.util.Collection,int,java.lang.String)
    public java.lang.String hm()
com.google.android.gms.internal.jh
com.google.android.gms.internal.jj:
    public jj(int)
    public com.google.android.gms.internal.jj aX(java.lang.String)
    public com.google.android.gms.internal.jj a(com.google.android.gms.internal.jq)
    public com.google.android.gms.internal.jj a(com.google.android.gms.common.api.Scope[])
    public com.google.android.gms.internal.jj e(android.os.Bundle)
com.google.android.gms.internal.jl:
    protected varargs jl(android.content.Context,com.google.android.gms.common.GooglePlayServicesClient$ConnectionCallbacks,com.google.android.gms.common.GooglePlayServicesClient$OnConnectionFailedListener,java.lang.String[])
    public final android.os.Looper getLooper()
    public final java.lang.String[] hv()
    public final void a(com.google.android.gms.internal.jl$b)
    public void registerConnectionCallbacks(com.google.android.gms.common.GooglePlayServicesClient$ConnectionCallbacks)
    public boolean isConnectionCallbacksRegistered(com.google.android.gms.common.GooglePlayServicesClient$ConnectionCallbacks)
    public void unregisterConnectionCallbacks(com.google.android.gms.common.GooglePlayServicesClient$ConnectionCallbacks)
    public void registerConnectionFailedListener(com.google.android.gms.common.GooglePlayServicesClient$OnConnectionFailedListener)
    public boolean isConnectionFailedListenerRegistered(com.google.android.gms.common.GooglePlayServicesClient$OnConnectionFailedListener)
    public void unregisterConnectionFailedListener(com.google.android.gms.common.GooglePlayServicesClient$OnConnectionFailedListener)
com.google.android.gms.internal.jl$c
com.google.android.gms.internal.jl$d
com.google.android.gms.internal.jl$g
com.google.android.gms.internal.jm:
    public boolean isConnectionCallbacksRegistered(com.google.android.gms.common.api.GoogleApiClient$ConnectionCallbacks)
    public void unregisterConnectionCallbacks(com.google.android.gms.common.api.GoogleApiClient$ConnectionCallbacks)
    public boolean isConnectionFailedListenerRegistered(com.google.android.gms.common.GooglePlayServicesClient$OnConnectionFailedListener)
    public void unregisterConnectionFailedListener(com.google.android.gms.common.GooglePlayServicesClient$OnConnectionFailedListener)
com.google.android.gms.internal.jp:
    public void m(java.lang.String,java.lang.String)
    public void n(java.lang.String,java.lang.String)
    public void a(java.lang.String,java.lang.String,java.lang.Throwable)
    public void b(java.lang.String,java.lang.String,java.lang.Throwable)
    public void p(java.lang.String,java.lang.String)
    public void c(java.lang.String,java.lang.String,java.lang.Throwable)
    public void a(android.content.Context,java.lang.String,java.lang.String,java.lang.Throwable)
com.google.android.gms.internal.jq
com.google.android.gms.internal.jq$a
com.google.android.gms.internal.jr